This is pdfTeX, Version 3.14159265-2.6-1.40.17 (TeX Live 2016/Arch Linux) (preloaded format=pdflatex 2016.8.31)  23 SEP 2016 08:37
entering extended mode
 restricted \write18 enabled.
 %&-line parsing enabled.
**titulo.tex
(./titulo.tex
LaTeX2e <2016/03/31> patch level 3
Babel <3.9r> and hyphenation patterns for 83 language(s) loaded.
(/usr/share/texmf-dist/tex/latex/base/report.cls
Document Class: report 2014/09/29 v1.4h Standard LaTeX document class
(/usr/share/texmf-dist/tex/latex/base/size11.clo
File: size11.clo 2014/09/29 v1.4h Standard LaTeX file (size option)
)
\c@part=\count79
\c@chapter=\count80
\c@section=\count81
\c@subsection=\count82
\c@subsubsection=\count83
\c@paragraph=\count84
\c@subparagraph=\count85
\c@figure=\count86
\c@table=\count87
\abovecaptionskip=\skip41
\belowcaptionskip=\skip42
\bibindent=\dimen102
)
(/usr/share/texmf-dist/tex/generic/babel/babel.sty
Package: babel 2016/04/23 3.9r The Babel package

(/usr/share/texmf-dist/tex/generic/babel-spanish/spanish.ldf
Language: spanish.ldf 2016/03/03 v5.0p Spanish support from the babel system

(/usr/share/texmf-dist/tex/generic/babel/babel.def
File: babel.def 2016/04/23 3.9r Babel common definitions
\babel@savecnt=\count88
\U@D=\dimen103
)
\es@quottoks=\toks14
\es@quotdepth=\count89
Package babel Info: Making " an active character on input line 561.
Package babel Info: Making . an active character on input line 662.
Package babel Info: Making < an active character on input line 707.
Package babel Info: Making > an active character on input line 707.
))
(/usr/share/texmf-dist/tex/latex/iwona/iwona.sty
Package: iwona 2005/10/03 v.1.2 Iwona package (MW)
\c@mv@iwona=\count90
\c@mv@iwonabold=\count91
LaTeX Font Info:    Overwriting symbol font `operators' in version `iwona'
(Font)                  OT1/cmr/m/n --> OT1/iwonalm/m/n on input line 58.
LaTeX Font Info:    Overwriting symbol font `letters' in version `iwona'
(Font)                  OML/cmm/m/it --> OML/iwonal/m/it on input line 59.
LaTeX Font Info:    Overwriting symbol font `symbols' in version `iwona'
(Font)                  OMS/cmsy/m/n --> OMS/iwonal/m/n on input line 60.
LaTeX Font Info:    Overwriting symbol font `largesymbols' in version `iwona'
(Font)                  OMX/cmex/m/n --> OMX/iwonal/m/n on input line 61.
LaTeX Font Info:    Overwriting symbol font `operators' in version `iwonabold'
(Font)                  OT1/cmr/m/n --> OT1/iwonalm/b/n on input line 62.
LaTeX Font Info:    Overwriting symbol font `letters' in version `iwonabold'
(Font)                  OML/cmm/m/it --> OML/iwonal/b/it on input line 63.
LaTeX Font Info:    Overwriting symbol font `symbols' in version `iwonabold'
(Font)                  OMS/cmsy/m/n --> OMS/iwonal/b/n on input line 64.
LaTeX Font Info:    Overwriting symbol font `largesymbols' in version `iwonabol
d'
(Font)                  OMX/cmex/m/n --> OMX/iwonal/b/n on input line 65.
LaTeX Font Info:    Overwriting math alphabet `\mathbf' in version `iwona'
(Font)                  OT1/cmr/bx/n --> OT1/iwonal/bx/n on input line 67.
LaTeX Font Info:    Overwriting math alphabet `\mathsf' in version `iwona'
(Font)                  OT1/cmss/m/n --> OT1/iwonal/m/n on input line 68.
LaTeX Font Info:    Overwriting math alphabet `\mathit' in version `iwona'
(Font)                  OT1/cmr/m/it --> OT1/iwonal/m/it on input line 69.
LaTeX Font Info:    Overwriting math alphabet `\mathtt' in version `iwona'
(Font)                  OT1/cmtt/m/n --> OT1/iwonal/m/n on input line 70.
LaTeX Font Info:    Overwriting math alphabet `\mathsf' in version `iwonabold'
(Font)                  OT1/cmss/m/n --> OT1/iwonal/bx/n on input line 71.
LaTeX Font Info:    Overwriting math alphabet `\mathit' in version `iwonabold'
(Font)                  OT1/cmr/m/it --> OT1/iwonal/bx/it on input line 72.
)
(/usr/share/texmf-dist/tex/latex/base/inputenc.sty
Package: inputenc 2015/03/17 v1.2c Input encoding file
\inpenc@prehook=\toks15
\inpenc@posthook=\toks16

(/usr/share/texmf-dist/tex/latex/base/utf8.def
File: utf8.def 2016/02/28 v1.1s UTF-8 support for inputenc
Now handling font encoding OML ...
... no UTF-8 mapping file for font encoding OML
Now handling font encoding T1 ...
... processing UTF-8 mapping file for font encoding T1

(/usr/share/texmf-dist/tex/latex/base/t1enc.dfu
File: t1enc.dfu 2016/02/28 v1.1s UTF-8 support for inputenc
   defining Unicode char U+00A0 (decimal 160)
   defining Unicode char U+00A1 (decimal 161)
   defining Unicode char U+00A3 (decimal 163)
   defining Unicode char U+00AB (decimal 171)
   defining Unicode char U+00AD (decimal 173)
   defining Unicode char U+00BB (decimal 187)
   defining Unicode char U+00BF (decimal 191)
   defining Unicode char U+00C0 (decimal 192)
   defining Unicode char U+00C1 (decimal 193)
   defining Unicode char U+00C2 (decimal 194)
   defining Unicode char U+00C3 (decimal 195)
   defining Unicode char U+00C4 (decimal 196)
   defining Unicode char U+00C5 (decimal 197)
   defining Unicode char U+00C6 (decimal 198)
   defining Unicode char U+00C7 (decimal 199)
   defining Unicode char U+00C8 (decimal 200)
   defining Unicode char U+00C9 (decimal 201)
   defining Unicode char U+00CA (decimal 202)
   defining Unicode char U+00CB (decimal 203)
   defining Unicode char U+00CC (decimal 204)
   defining Unicode char U+00CD (decimal 205)
   defining Unicode char U+00CE (decimal 206)
   defining Unicode char U+00CF (decimal 207)
   defining Unicode char U+00D0 (decimal 208)
   defining Unicode char U+00D1 (decimal 209)
   defining Unicode char U+00D2 (decimal 210)
   defining Unicode char U+00D3 (decimal 211)
   defining Unicode char U+00D4 (decimal 212)
   defining Unicode char U+00D5 (decimal 213)
   defining Unicode char U+00D6 (decimal 214)
   defining Unicode char U+00D8 (decimal 216)
   defining Unicode char U+00D9 (decimal 217)
   defining Unicode char U+00DA (decimal 218)
   defining Unicode char U+00DB (decimal 219)
   defining Unicode char U+00DC (decimal 220)
   defining Unicode char U+00DD (decimal 221)
   defining Unicode char U+00DE (decimal 222)
   defining Unicode char U+00DF (decimal 223)
   defining Unicode char U+00E0 (decimal 224)
   defining Unicode char U+00E1 (decimal 225)
   defining Unicode char U+00E2 (decimal 226)
   defining Unicode char U+00E3 (decimal 227)
   defining Unicode char U+00E4 (decimal 228)
   defining Unicode char U+00E5 (decimal 229)
   defining Unicode char U+00E6 (decimal 230)
   defining Unicode char U+00E7 (decimal 231)
   defining Unicode char U+00E8 (decimal 232)
   defining Unicode char U+00E9 (decimal 233)
   defining Unicode char U+00EA (decimal 234)
   defining Unicode char U+00EB (decimal 235)
   defining Unicode char U+00EC (decimal 236)
   defining Unicode char U+00ED (decimal 237)
   defining Unicode char U+00EE (decimal 238)
   defining Unicode char U+00EF (decimal 239)
   defining Unicode char U+00F0 (decimal 240)
   defining Unicode char U+00F1 (decimal 241)
   defining Unicode char U+00F2 (decimal 242)
   defining Unicode char U+00F3 (decimal 243)
   defining Unicode char U+00F4 (decimal 244)
   defining Unicode char U+00F5 (decimal 245)
   defining Unicode char U+00F6 (decimal 246)
   defining Unicode char U+00F8 (decimal 248)
   defining Unicode char U+00F9 (decimal 249)
   defining Unicode char U+00FA (decimal 250)
   defining Unicode char U+00FB (decimal 251)
   defining Unicode char U+00FC (decimal 252)
   defining Unicode char U+00FD (decimal 253)
   defining Unicode char U+00FE (decimal 254)
   defining Unicode char U+00FF (decimal 255)
   defining Unicode char U+0100 (decimal 256)
   defining Unicode char U+0101 (decimal 257)
   defining Unicode char U+0102 (decimal 258)
   defining Unicode char U+0103 (decimal 259)
   defining Unicode char U+0104 (decimal 260)
   defining Unicode char U+0105 (decimal 261)
   defining Unicode char U+0106 (decimal 262)
   defining Unicode char U+0107 (decimal 263)
   defining Unicode char U+0108 (decimal 264)
   defining Unicode char U+0109 (decimal 265)
   defining Unicode char U+010A (decimal 266)
   defining Unicode char U+010B (decimal 267)
   defining Unicode char U+010C (decimal 268)
   defining Unicode char U+010D (decimal 269)
   defining Unicode char U+010E (decimal 270)
   defining Unicode char U+010F (decimal 271)
   defining Unicode char U+0110 (decimal 272)
   defining Unicode char U+0111 (decimal 273)
   defining Unicode char U+0112 (decimal 274)
   defining Unicode char U+0113 (decimal 275)
   defining Unicode char U+0114 (decimal 276)
   defining Unicode char U+0115 (decimal 277)
   defining Unicode char U+0116 (decimal 278)
   defining Unicode char U+0117 (decimal 279)
   defining Unicode char U+0118 (decimal 280)
   defining Unicode char U+0119 (decimal 281)
   defining Unicode char U+011A (decimal 282)
   defining Unicode char U+011B (decimal 283)
   defining Unicode char U+011C (decimal 284)
   defining Unicode char U+011D (decimal 285)
   defining Unicode char U+011E (decimal 286)
   defining Unicode char U+011F (decimal 287)
   defining Unicode char U+0120 (decimal 288)
   defining Unicode char U+0121 (decimal 289)
   defining Unicode char U+0122 (decimal 290)
   defining Unicode char U+0123 (decimal 291)
   defining Unicode char U+0124 (decimal 292)
   defining Unicode char U+0125 (decimal 293)
   defining Unicode char U+0128 (decimal 296)
   defining Unicode char U+0129 (decimal 297)
   defining Unicode char U+012A (decimal 298)
   defining Unicode char U+012B (decimal 299)
   defining Unicode char U+012C (decimal 300)
   defining Unicode char U+012D (decimal 301)
   defining Unicode char U+012E (decimal 302)
   defining Unicode char U+012F (decimal 303)
   defining Unicode char U+0130 (decimal 304)
   defining Unicode char U+0131 (decimal 305)
   defining Unicode char U+0132 (decimal 306)
   defining Unicode char U+0133 (decimal 307)
   defining Unicode char U+0134 (decimal 308)
   defining Unicode char U+0135 (decimal 309)
   defining Unicode char U+0136 (decimal 310)
   defining Unicode char U+0137 (decimal 311)
   defining Unicode char U+0139 (decimal 313)
   defining Unicode char U+013A (decimal 314)
   defining Unicode char U+013B (decimal 315)
   defining Unicode char U+013C (decimal 316)
   defining Unicode char U+013D (decimal 317)
   defining Unicode char U+013E (decimal 318)
   defining Unicode char U+0141 (decimal 321)
   defining Unicode char U+0142 (decimal 322)
   defining Unicode char U+0143 (decimal 323)
   defining Unicode char U+0144 (decimal 324)
   defining Unicode char U+0145 (decimal 325)
   defining Unicode char U+0146 (decimal 326)
   defining Unicode char U+0147 (decimal 327)
   defining Unicode char U+0148 (decimal 328)
   defining Unicode char U+014A (decimal 330)
   defining Unicode char U+014B (decimal 331)
   defining Unicode char U+014C (decimal 332)
   defining Unicode char U+014D (decimal 333)
   defining Unicode char U+014E (decimal 334)
   defining Unicode char U+014F (decimal 335)
   defining Unicode char U+0150 (decimal 336)
   defining Unicode char U+0151 (decimal 337)
   defining Unicode char U+0152 (decimal 338)
   defining Unicode char U+0153 (decimal 339)
   defining Unicode char U+0154 (decimal 340)
   defining Unicode char U+0155 (decimal 341)
   defining Unicode char U+0156 (decimal 342)
   defining Unicode char U+0157 (decimal 343)
   defining Unicode char U+0158 (decimal 344)
   defining Unicode char U+0159 (decimal 345)
   defining Unicode char U+015A (decimal 346)
   defining Unicode char U+015B (decimal 347)
   defining Unicode char U+015C (decimal 348)
   defining Unicode char U+015D (decimal 349)
   defining Unicode char U+015E (decimal 350)
   defining Unicode char U+015F (decimal 351)
   defining Unicode char U+0160 (decimal 352)
   defining Unicode char U+0161 (decimal 353)
   defining Unicode char U+0162 (decimal 354)
   defining Unicode char U+0163 (decimal 355)
   defining Unicode char U+0164 (decimal 356)
   defining Unicode char U+0165 (decimal 357)
   defining Unicode char U+0168 (decimal 360)
   defining Unicode char U+0169 (decimal 361)
   defining Unicode char U+016A (decimal 362)
   defining Unicode char U+016B (decimal 363)
   defining Unicode char U+016C (decimal 364)
   defining Unicode char U+016D (decimal 365)
   defining Unicode char U+016E (decimal 366)
   defining Unicode char U+016F (decimal 367)
   defining Unicode char U+0170 (decimal 368)
   defining Unicode char U+0171 (decimal 369)
   defining Unicode char U+0172 (decimal 370)
   defining Unicode char U+0173 (decimal 371)
   defining Unicode char U+0174 (decimal 372)
   defining Unicode char U+0175 (decimal 373)
   defining Unicode char U+0176 (decimal 374)
   defining Unicode char U+0177 (decimal 375)
   defining Unicode char U+0178 (decimal 376)
   defining Unicode char U+0179 (decimal 377)
   defining Unicode char U+017A (decimal 378)
   defining Unicode char U+017B (decimal 379)
   defining Unicode char U+017C (decimal 380)
   defining Unicode char U+017D (decimal 381)
   defining Unicode char U+017E (decimal 382)
   defining Unicode char U+01CD (decimal 461)
   defining Unicode char U+01CE (decimal 462)
   defining Unicode char U+01CF (decimal 463)
   defining Unicode char U+01D0 (decimal 464)
   defining Unicode char U+01D1 (decimal 465)
   defining Unicode char U+01D2 (decimal 466)
   defining Unicode char U+01D3 (decimal 467)
   defining Unicode char U+01D4 (decimal 468)
   defining Unicode char U+01E2 (decimal 482)
   defining Unicode char U+01E3 (decimal 483)
   defining Unicode char U+01E6 (decimal 486)
   defining Unicode char U+01E7 (decimal 487)
   defining Unicode char U+01E8 (decimal 488)
   defining Unicode char U+01E9 (decimal 489)
   defining Unicode char U+01EA (decimal 490)
   defining Unicode char U+01EB (decimal 491)
   defining Unicode char U+01F0 (decimal 496)
   defining Unicode char U+01F4 (decimal 500)
   defining Unicode char U+01F5 (decimal 501)
   defining Unicode char U+0218 (decimal 536)
   defining Unicode char U+0219 (decimal 537)
   defining Unicode char U+021A (decimal 538)
   defining Unicode char U+021B (decimal 539)
   defining Unicode char U+1E02 (decimal 7682)
   defining Unicode char U+1E03 (decimal 7683)
   defining Unicode char U+200C (decimal 8204)
   defining Unicode char U+2010 (decimal 8208)
   defining Unicode char U+2011 (decimal 8209)
   defining Unicode char U+2012 (decimal 8210)
   defining Unicode char U+2013 (decimal 8211)
   defining Unicode char U+2014 (decimal 8212)
   defining Unicode char U+2015 (decimal 8213)
   defining Unicode char U+2018 (decimal 8216)
   defining Unicode char U+2019 (decimal 8217)
   defining Unicode char U+201A (decimal 8218)
   defining Unicode char U+201C (decimal 8220)
   defining Unicode char U+201D (decimal 8221)
   defining Unicode char U+201E (decimal 8222)
   defining Unicode char U+2030 (decimal 8240)
   defining Unicode char U+2031 (decimal 8241)
   defining Unicode char U+2039 (decimal 8249)
   defining Unicode char U+203A (decimal 8250)
   defining Unicode char U+2423 (decimal 9251)
)
Now handling font encoding OT1 ...
... processing UTF-8 mapping file for font encoding OT1

(/usr/share/texmf-dist/tex/latex/base/ot1enc.dfu
File: ot1enc.dfu 2016/02/28 v1.1s UTF-8 support for inputenc
   defining Unicode char U+00A0 (decimal 160)
   defining Unicode char U+00A1 (decimal 161)
   defining Unicode char U+00A3 (decimal 163)
   defining Unicode char U+00AD (decimal 173)
   defining Unicode char U+00B8 (decimal 184)
   defining Unicode char U+00BF (decimal 191)
   defining Unicode char U+00C5 (decimal 197)
   defining Unicode char U+00C6 (decimal 198)
   defining Unicode char U+00D8 (decimal 216)
   defining Unicode char U+00DF (decimal 223)
   defining Unicode char U+00E6 (decimal 230)
   defining Unicode char U+00EC (decimal 236)
   defining Unicode char U+00ED (decimal 237)
   defining Unicode char U+00EE (decimal 238)
   defining Unicode char U+00EF (decimal 239)
   defining Unicode char U+00F8 (decimal 248)
   defining Unicode char U+0131 (decimal 305)
   defining Unicode char U+0141 (decimal 321)
   defining Unicode char U+0142 (decimal 322)
   defining Unicode char U+0152 (decimal 338)
   defining Unicode char U+0153 (decimal 339)
   defining Unicode char U+0174 (decimal 372)
   defining Unicode char U+0175 (decimal 373)
   defining Unicode char U+0176 (decimal 374)
   defining Unicode char U+0177 (decimal 375)
   defining Unicode char U+0218 (decimal 536)
   defining Unicode char U+0219 (decimal 537)
   defining Unicode char U+021A (decimal 538)
   defining Unicode char U+021B (decimal 539)
   defining Unicode char U+2013 (decimal 8211)
   defining Unicode char U+2014 (decimal 8212)
   defining Unicode char U+2018 (decimal 8216)
   defining Unicode char U+2019 (decimal 8217)
   defining Unicode char U+201C (decimal 8220)
   defining Unicode char U+201D (decimal 8221)
)
Now handling font encoding OMS ...
... processing UTF-8 mapping file for font encoding OMS

(/usr/share/texmf-dist/tex/latex/base/omsenc.dfu
File: omsenc.dfu 2016/02/28 v1.1s UTF-8 support for inputenc
   defining Unicode char U+00A7 (decimal 167)
   defining Unicode char U+00B6 (decimal 182)
   defining Unicode char U+00B7 (decimal 183)
   defining Unicode char U+2020 (decimal 8224)
   defining Unicode char U+2021 (decimal 8225)
   defining Unicode char U+2022 (decimal 8226)
)
Now handling font encoding OMX ...
... no UTF-8 mapping file for font encoding OMX
Now handling font encoding U ...
... no UTF-8 mapping file for font encoding U
   defining Unicode char U+00A9 (decimal 169)
   defining Unicode char U+00AA (decimal 170)
   defining Unicode char U+00AE (decimal 174)
   defining Unicode char U+00BA (decimal 186)
   defining Unicode char U+02C6 (decimal 710)
   defining Unicode char U+02DC (decimal 732)
   defining Unicode char U+200C (decimal 8204)
   defining Unicode char U+2026 (decimal 8230)
   defining Unicode char U+2122 (decimal 8482)
   defining Unicode char U+2423 (decimal 9251)
))
(/usr/share/texmf-dist/tex/latex/amsmath/amsmath.sty
Package: amsmath 2016/06/28 v2.15d AMS math features
\@mathmargin=\skip43

For additional information on amsmath, use the `?' option.
(/usr/share/texmf-dist/tex/latex/amsmath/amstext.sty
Package: amstext 2000/06/29 v2.01 AMS text

(/usr/share/texmf-dist/tex/latex/amsmath/amsgen.sty
File: amsgen.sty 1999/11/30 v2.0 generic functions
\@emptytoks=\toks17
\ex@=\dimen104
))
(/usr/share/texmf-dist/tex/latex/amsmath/amsbsy.sty
Package: amsbsy 1999/11/29 v1.2d Bold Symbols
\pmbraise@=\dimen105
)
(/usr/share/texmf-dist/tex/latex/amsmath/amsopn.sty
Package: amsopn 2016/03/08 v2.02 operator names
)
\inf@bad=\count92
LaTeX Info: Redefining \frac on input line 199.
\uproot@=\count93
\leftroot@=\count94
LaTeX Info: Redefining \overline on input line 297.
\classnum@=\count95
\DOTSCASE@=\count96
LaTeX Info: Redefining \ldots on input line 394.
LaTeX Info: Redefining \dots on input line 397.
LaTeX Info: Redefining \cdots on input line 518.
\Mathstrutbox@=\box26
\strutbox@=\box27
\big@size=\dimen106
LaTeX Font Info:    Redeclaring font encoding OML on input line 634.
LaTeX Font Info:    Redeclaring font encoding OMS on input line 635.
\macc@depth=\count97
\c@MaxMatrixCols=\count98
\dotsspace@=\muskip10
\c@parentequation=\count99
\dspbrk@lvl=\count100
\tag@help=\toks18
\row@=\count101
\column@=\count102
\maxfields@=\count103
\andhelp@=\toks19
\eqnshift@=\dimen107
\alignsep@=\dimen108
\tagshift@=\dimen109
\tagwidth@=\dimen110
\totwidth@=\dimen111
\lineht@=\dimen112
\@envbody=\toks20
\multlinegap=\skip44
\multlinetaggap=\skip45
\mathdisplay@stack=\toks21
LaTeX Info: Redefining \[ on input line 2739.
LaTeX Info: Redefining \] on input line 2740.
)
(/usr/share/texmf-dist/tex/latex/amscls/amsthm.sty
Package: amsthm 2015/03/04 v2.20.2
\thm@style=\toks22
\thm@bodyfont=\toks23
\thm@headfont=\toks24
\thm@notefont=\toks25
\thm@headpunct=\toks26
\thm@preskip=\skip46
\thm@postskip=\skip47
\thm@headsep=\skip48
\dth@everypar=\toks27
)
(/usr/share/texmf-dist/tex/latex/amsfonts/amsfonts.sty
Package: amsfonts 2013/01/14 v3.01 Basic AMSFonts support
\symAMSa=\mathgroup4
\symAMSb=\mathgroup5
LaTeX Font Info:    Overwriting math alphabet `\mathfrak' in version `bold'
(Font)                  U/euf/m/n --> U/euf/b/n on input line 106.
)
(/usr/share/texmf-dist/tex/latex/amsfonts/amssymb.sty
Package: amssymb 2013/01/14 v3.01 AMS font symbols
)
(/usr/share/texmf-dist/tex/latex/base/latexsym.sty
Package: latexsym 1998/08/17 v2.2e Standard LaTeX package (lasy symbols)
\symlasy=\mathgroup6
LaTeX Font Info:    Overwriting symbol font `lasy' in version `bold'
(Font)                  U/lasy/m/n --> U/lasy/b/n on input line 52.
)
(/usr/share/texmf-dist/tex/latex/tools/enumerate.sty
Package: enumerate 2015/07/23 v3.00 enumerate extensions (DPC)
\@enLab=\toks28
)
(/usr/share/texmf-dist/tex/latex/graphics/color.sty
Package: color 2016/07/10 v1.1e Standard LaTeX Color (DPC)

(/usr/share/texmf-dist/tex/latex/graphics-cfg/color.cfg
File: color.cfg 2016/01/02 v1.6 sample color configuration
)
Package color Info: Driver file: pdftex.def on input line 147.

(/usr/share/texmf-dist/tex/latex/graphics-def/pdftex.def
File: pdftex.def 2016/07/10 v0.06j Graphics/color for pdfTeX

(/usr/share/texmf-dist/tex/generic/oberdiek/infwarerr.sty
Package: infwarerr 2016/05/16 v1.4 Providing info/warning/error messages (HO)
)
(/usr/share/texmf-dist/tex/generic/oberdiek/ltxcmds.sty
Package: ltxcmds 2016/05/16 v1.23 LaTeX kernel commands for general use (HO)
)
\Gread@gobject=\count104
)
(/usr/share/texmf-dist/tex/latex/graphics/dvipsnam.def
File: dvipsnam.def 2016/06/17 v3.0m Driver-dependent file (DPC,SPQR)
))
(/usr/share/texmf-dist/tex/latex/graphics/graphics.sty
Package: graphics 2016/07/10 v1.0t Standard LaTeX Graphics (DPC,SPQR)

(/usr/share/texmf-dist/tex/latex/graphics/trig.sty
Package: trig 2016/01/03 v1.10 sin cos tan (DPC)
)
(/usr/share/texmf-dist/tex/latex/graphics-cfg/graphics.cfg
File: graphics.cfg 2016/06/04 v1.11 sample graphics configuration
)
Package graphics Info: Driver file: pdftex.def on input line 99.
)
(/usr/share/texmf-dist/tex/latex/graphics/graphicx.sty
Package: graphicx 2014/10/28 v1.0g Enhanced LaTeX Graphics (DPC,SPQR)

(/usr/share/texmf-dist/tex/latex/graphics/keyval.sty
Package: keyval 2014/10/28 v1.15 key=value parser (DPC)
\KV@toks@=\toks29
)
\Gin@req@height=\dimen113
\Gin@req@width=\dimen114
)
(/usr/share/texmf-dist/tex/latex/float/float.sty
Package: float 2001/11/08 v1.3d Float enhancements (AL)
\c@float@type=\count105
\float@exts=\toks30
\float@box=\box28
\@float@everytoks=\toks31
\@floatcapt=\box29
)
(/usr/share/texmf-dist/tex/latex/colortbl/colortbl.sty
Package: colortbl 2012/02/13 v1.0a Color table columns (DPC)

(/usr/share/texmf-dist/tex/latex/tools/array.sty
Package: array 2014/10/28 v2.4c Tabular extension package (FMi)
\col@sep=\dimen115
\extrarowheight=\dimen116
\NC@list=\toks32
\extratabsurround=\skip49
\backup@length=\skip50
)
\everycr=\toks33
\minrowclearance=\skip51
)
(/usr/share/texmf-dist/tex/latex/wrapfig/wrapfig.sty
\wrapoverhang=\dimen117
\WF@size=\dimen118
\c@WF@wrappedlines=\count106
\WF@box=\box30
\WF@everypar=\toks34
Package: wrapfig 2003/01/31  v 3.6
)
(/usr/share/texmf-dist/tex/latex/geometry/geometry.sty
Package: geometry 2010/09/12 v5.6 Page Geometry

(/usr/share/texmf-dist/tex/generic/oberdiek/ifpdf.sty
Package: ifpdf 2016/05/14 v3.1 Provides the ifpdf switch
)
(/usr/share/texmf-dist/tex/generic/oberdiek/ifvtex.sty
Package: ifvtex 2016/05/16 v1.6 Detect VTeX and its facilities (HO)
Package ifvtex Info: VTeX not detected.
)
(/usr/share/texmf-dist/tex/generic/ifxetex/ifxetex.sty
Package: ifxetex 2010/09/12 v0.6 Provides ifxetex conditional
)
\Gm@cnth=\count107
\Gm@cntv=\count108
\c@Gm@tempcnt=\count109
\Gm@bindingoffset=\dimen119
\Gm@wd@mp=\dimen120
\Gm@odd@mp=\dimen121
\Gm@even@mp=\dimen122
\Gm@layoutwidth=\dimen123
\Gm@layoutheight=\dimen124
\Gm@layouthoffset=\dimen125
\Gm@layoutvoffset=\dimen126
\Gm@dimlist=\toks35
)
(/usr/share/texmf-dist/tex/latex/cite/cite.sty
LaTeX Info: Redefining \cite on input line 302.
LaTeX Info: Redefining \nocite on input line 332.
Package: cite 2015/02/27  v 5.5
)
(/usr/share/texmf-dist/tex/latex/eurosym/eurosym.sty
Package: eurosym 1998/08/06 v1.1 European currency symbol ``Euro''
\@eurobox=\box31
)
(/usr/share/texmf-dist/tex/latex/cancel/cancel.sty
Package: cancel 2013/04/12 v2.2 Cancel math terms
)
(/usr/share/texmf-dist/tex/latex/subfigure/subfigure.sty
Package: subfigure 2002/03/15 v2.1.5 subfigure package
\subfigtopskip=\skip52
\subfigcapskip=\skip53
\subfigcaptopadj=\dimen127
\subfigbottomskip=\skip54
\subfigcapmargin=\dimen128
\subfiglabelskip=\skip55
\c@subfigure=\count110
\c@lofdepth=\count111
\c@subtable=\count112
\c@lotdepth=\count113

****************************************
* Local config file subfigure.cfg used *
****************************************
(/usr/share/texmf-dist/tex/latex/subfigure/subfigure.cfg)
\subfig@top=\skip56
\subfig@bottom=\skip57
)
\c@exe=\count114
\c@sol=\count115

(/usr/share/texmf-dist/tex/latex/hyperref/hyperref.sty
Package: hyperref 2016/06/24 v6.83q Hypertext links for LaTeX

(/usr/share/texmf-dist/tex/generic/oberdiek/hobsub-hyperref.sty
Package: hobsub-hyperref 2016/05/16 v1.14 Bundle oberdiek, subset hyperref (HO)


(/usr/share/texmf-dist/tex/generic/oberdiek/hobsub-generic.sty
Package: hobsub-generic 2016/05/16 v1.14 Bundle oberdiek, subset generic (HO)
Package: hobsub 2016/05/16 v1.14 Construct package bundles (HO)
Package hobsub Info: Skipping package `infwarerr' (already loaded).
Package hobsub Info: Skipping package `ltxcmds' (already loaded).
Package: ifluatex 2016/05/16 v1.4 Provides the ifluatex switch (HO)
Package ifluatex Info: LuaTeX not detected.
Package hobsub Info: Skipping package `ifvtex' (already loaded).
Package: intcalc 2016/05/16 v1.2 Expandable calculations with integers (HO)
Package hobsub Info: Skipping package `ifpdf' (already loaded).
Package: etexcmds 2016/05/16 v1.6 Avoid name clashes with e-TeX commands (HO)
Package etexcmds Info: Could not find \expanded.
(etexcmds)             That can mean that you are not using pdfTeX 1.50 or
(etexcmds)             that some package has redefined \expanded.
(etexcmds)             In the latter case, load this package earlier.
Package: kvsetkeys 2016/05/16 v1.17 Key value parser (HO)
Package: kvdefinekeys 2016/05/16 v1.4 Define keys (HO)
Package: pdftexcmds 2016/05/21 v0.22 Utility functions of pdfTeX for LuaTeX (HO
)
Package pdftexcmds Info: LuaTeX not detected.
Package pdftexcmds Info: \pdf@primitive is available.
Package pdftexcmds Info: \pdf@ifprimitive is available.
Package pdftexcmds Info: \pdfdraftmode found.
Package: pdfescape 2016/05/16 v1.14 Implements pdfTeX's escape features (HO)
Package: bigintcalc 2016/05/16 v1.4 Expandable calculations on big integers (HO
)
Package: bitset 2016/05/16 v1.2 Handle bit-vector datatype (HO)
Package: uniquecounter 2016/05/16 v1.3 Provide unlimited unique counter (HO)
)
Package hobsub Info: Skipping package `hobsub' (already loaded).
Package: letltxmacro 2016/05/16 v1.5 Let assignment for LaTeX macros (HO)
Package: hopatch 2016/05/16 v1.3 Wrapper for package hooks (HO)
Package: xcolor-patch 2016/05/16 xcolor patch
Package: atveryend 2016/05/16 v1.9 Hooks at the very end of document (HO)
Package atveryend Info: \enddocument detected (standard20110627).
Package: atbegshi 2016/06/09 v1.18 At begin shipout hook (HO)
Package: refcount 2016/05/16 v3.5 Data extraction from label references (HO)
Package: hycolor 2016/05/16 v1.8 Color options for hyperref/bookmark (HO)
)
(/usr/share/texmf-dist/tex/latex/oberdiek/auxhook.sty
Package: auxhook 2016/05/16 v1.4 Hooks for auxiliary files (HO)
)
(/usr/share/texmf-dist/tex/latex/oberdiek/kvoptions.sty
Package: kvoptions 2016/05/16 v3.12 Key value format for package options (HO)
)
\@linkdim=\dimen129
\Hy@linkcounter=\count116
\Hy@pagecounter=\count117

(/usr/share/texmf-dist/tex/latex/hyperref/pd1enc.def
File: pd1enc.def 2016/06/24 v6.83q Hyperref: PDFDocEncoding definition (HO)
Now handling font encoding PD1 ...
... no UTF-8 mapping file for font encoding PD1
)
\Hy@SavedSpaceFactor=\count118

(/usr/share/texmf-dist/tex/latex/latexconfig/hyperref.cfg
File: hyperref.cfg 2002/06/06 v1.2 hyperref configuration of TeXLive
)
Package hyperref Info: Option `bookmarks' set `true' on input line 4362.
Package hyperref Info: Option `bookmarksnumbered' set `false' on input line 436
2.
Package hyperref Info: Option `bookmarksopen' set `false' on input line 4362.
Package hyperref Info: Option `colorlinks' set `true' on input line 4362.
Package hyperref Info: Hyper figures OFF on input line 4486.
Package hyperref Info: Link nesting OFF on input line 4491.
Package hyperref Info: Hyper index ON on input line 4494.
Package hyperref Info: Plain pages OFF on input line 4501.
Package hyperref Info: Backreferencing OFF on input line 4506.
Package hyperref Info: Implicit mode ON; LaTeX internals redefined.
Package hyperref Info: Bookmarks ON on input line 4735.
\c@Hy@tempcnt=\count119

(/usr/share/texmf-dist/tex/latex/url/url.sty
\Urlmuskip=\muskip11
Package: url 2013/09/16  ver 3.4  Verb mode for urls, etc.
)
LaTeX Info: Redefining \url on input line 5088.
\XeTeXLinkMargin=\dimen130
\Fld@menulength=\count120
\Field@Width=\dimen131
\Fld@charsize=\dimen132
Package hyperref Info: Hyper figures OFF on input line 6342.
Package hyperref Info: Link nesting OFF on input line 6347.
Package hyperref Info: Hyper index ON on input line 6350.
Package hyperref Info: backreferencing OFF on input line 6357.
Package hyperref Info: Link coloring ON on input line 6360.
Package hyperref Info: Link coloring with OCG OFF on input line 6367.
Package hyperref Info: PDF/A mode OFF on input line 6372.
LaTeX Info: Redefining \ref on input line 6412.
LaTeX Info: Redefining \pageref on input line 6416.
\Hy@abspage=\count121
\c@Item=\count122
\c@Hfootnote=\count123
)

Package hyperref Message: Driver (autodetected): hpdftex.

(/usr/share/texmf-dist/tex/latex/hyperref/hpdftex.def
File: hpdftex.def 2016/06/24 v6.83q Hyperref driver for pdfTeX
\Fld@listcount=\count124
\c@bookmark@seq@number=\count125

(/usr/share/texmf-dist/tex/latex/oberdiek/rerunfilecheck.sty
Package: rerunfilecheck 2016/05/16 v1.8 Rerun checks for auxiliary files (HO)
Package uniquecounter Info: New unique counter `rerunfilecheck' on input line 2
82.
)
\Hy@SectionHShift=\skip58
) (./titulo.aux
LaTeX Info: Redefining \. on input line 23.
LaTeX Info: Redefining \% on input line 23.
)
\openout1 = `titulo.aux'.

LaTeX Font Info:    Checking defaults for OML/cmm/m/it on input line 43.
LaTeX Font Info:    ... okay on input line 43.
LaTeX Font Info:    Checking defaults for T1/cmr/m/n on input line 43.
LaTeX Font Info:    ... okay on input line 43.
LaTeX Font Info:    Checking defaults for OT1/cmr/m/n on input line 43.
LaTeX Font Info:    ... okay on input line 43.
LaTeX Font Info:    Checking defaults for OMS/cmsy/m/n on input line 43.
LaTeX Font Info:    ... okay on input line 43.
LaTeX Font Info:    Checking defaults for OMX/cmex/m/n on input line 43.
LaTeX Font Info:    ... okay on input line 43.
LaTeX Font Info:    Checking defaults for U/cmr/m/n on input line 43.
LaTeX Font Info:    ... okay on input line 43.
LaTeX Font Info:    Checking defaults for PD1/pdf/m/n on input line 43.
LaTeX Font Info:    ... okay on input line 43.
LaTeX Font Info:    Try loading font information for OT1+iwonal on input line 4
3.

(/usr/share/texmf-dist/tex/latex/iwona/ot1iwonal.fd
File: ot1iwonal.fd 2008/07/22 v0.995 font definition file for OT1/iwonal (MW)
)
LaTeX Info: Redefining \. on input line 43.
LaTeX Info: Redefining \% on input line 43.

(/usr/share/texmf-dist/tex/context/base/mkii/supp-pdf.mkii
[Loading MPS to PDF converter (version 2006.09.02).]
\scratchcounter=\count126
\scratchdimen=\dimen133
\scratchbox=\box32
\nofMPsegments=\count127
\nofMParguments=\count128
\everyMPshowfont=\toks36
\MPscratchCnt=\count129
\MPscratchDim=\dimen134
\MPnumerator=\count130
\makeMPintoPDFobject=\count131
\everyMPtoPDFconversion=\toks37
) (/usr/share/texmf-dist/tex/latex/oberdiek/epstopdf-base.sty
Package: epstopdf-base 2016/05/15 v2.6 Base part for package epstopdf

(/usr/share/texmf-dist/tex/latex/oberdiek/grfext.sty
Package: grfext 2016/05/16 v1.2 Manage graphics extensions (HO)
)
Package epstopdf-base Info: Redefining graphics rule for `.eps' on input line 4
38.
Package grfext Info: Graphics extension search list:
(grfext)             [.png,.pdf,.jpg,.mps,.jpeg,.jbig2,.jb2,.PNG,.PDF,.JPG,.JPE
G,.JBIG2,.JB2,.eps]
(grfext)             \AppendGraphicsExtensions on input line 456.

(/usr/share/texmf-dist/tex/latex/latexconfig/epstopdf-sys.cfg
File: epstopdf-sys.cfg 2010/07/13 v1.3 Configuration of (r)epstopdf for TeX Liv
e
))
*geometry* driver: auto-detecting
*geometry* detected driver: pdftex
*geometry* verbose mode - [ preamble ] result:
* driver: pdftex
* paper: a4paper
* layout: <same size as paper>
* layoutoffset:(h,v)=(0.0pt,0.0pt)
* modes: 
* h-part:(L,W,R)=(89.62709pt, 418.25368pt, 89.6271pt)
* v-part:(T,H,B)=(113.81102pt, 629.82918pt, 101.40665pt)
* \paperwidth=597.50787pt
* \paperheight=845.04684pt
* \textwidth=418.25368pt
* \textheight=629.82918pt
* \oddsidemargin=17.3571pt
* \evensidemargin=17.3571pt
* \topmargin=4.54103pt
* \headheight=12.0pt
* \headsep=25.0pt
* \topskip=11.0pt
* \footskip=30.0pt
* \marginparwidth=50.0pt
* \marginparsep=10.0pt
* \columnsep=10.0pt
* \skip\footins=10.0pt plus 4.0pt minus 2.0pt
* \hoffset=0.0pt
* \voffset=0.0pt
* \mag=1000
* \@twocolumnfalse
* \@twosidefalse
* \@mparswitchfalse
* \@reversemarginfalse
* (1in=72.27pt=25.4mm, 1cm=28.453pt)

\AtBeginShipoutBox=\box33
Package hyperref Info: Link coloring ON on input line 43.
(/usr/share/texmf-dist/tex/latex/hyperref/nameref.sty
Package: nameref 2016/05/21 v2.44 Cross-referencing by name of section

(/usr/share/texmf-dist/tex/generic/oberdiek/gettitlestring.sty
Package: gettitlestring 2016/05/16 v1.5 Cleanup title references (HO)
)
\c@section@level=\count132
)
LaTeX Info: Redefining \ref on input line 43.
LaTeX Info: Redefining \pageref on input line 43.
LaTeX Info: Redefining \nameref on input line 43.
 (./titulo.out) (./titulo.out)
\@outlinefile=\write3
\openout3 = `titulo.out'.

 (./title.tex
LaTeX Font Info:    Try loading font information for OT1+iwonalm on input line 
9.

(/usr/share/texmf-dist/tex/latex/iwona/ot1iwonalm.fd
File: ot1iwonalm.fd 2005/10/05 v1.2 font definition file for OT1/iwonalm (MW)
)
LaTeX Font Info:    Try loading font information for OML+iwonal on input line 9
.

(/usr/share/texmf-dist/tex/latex/iwona/omliwonal.fd
File: omliwonal.fd 2008/07/22 v0.995 font definition file for OML/iwonal (MW)
)
LaTeX Font Info:    Try loading font information for OMS+iwonal on input line 9
.

(/usr/share/texmf-dist/tex/latex/iwona/omsiwonal.fd
File: omsiwonal.fd 2008/07/22 v0.995 font definition file for OMS/iwonal (MW)
)
LaTeX Font Info:    Try loading font information for OMX+iwonal on input line 9
.

(/usr/share/texmf-dist/tex/latex/iwona/omxiwonal.fd
File: omxiwonal.fd 2008/07/22 v0.995 font definition file for OMX/iwonal (MW)
)
LaTeX Font Info:    Try loading font information for U+msa on input line 9.

(/usr/share/texmf-dist/tex/latex/amsfonts/umsa.fd
File: umsa.fd 2013/01/14 v3.01 AMS symbols A
)
LaTeX Font Info:    Try loading font information for U+msb on input line 9.

(/usr/share/texmf-dist/tex/latex/amsfonts/umsb.fd
File: umsb.fd 2013/01/14 v3.01 AMS symbols B
)
LaTeX Font Info:    Try loading font information for U+lasy on input line 9.

(/usr/share/texmf-dist/tex/latex/base/ulasy.fd
File: ulasy.fd 1998/08/17 v2.2e LaTeX symbol font definitions
)
<./ugr.png, id=45, 48.18pt x 48.18pt>
File: ./ugr.png Graphic file (type png)
 <use ./ugr.png>
Package pdftex.def Info: ./ugr.png used on input line 10.
(pdftex.def)             Requested size: 41.82472pt x 41.82434pt.

<./etsiit.png, id=48, 376.40625pt x 362.85562pt>
File: ./etsiit.png Graphic file (type png)
 <use ./etsiit.png>
Package pdftex.def Info: ./etsiit.png used on input line 16.
(pdftex.def)             Requested size: 41.82472pt x 40.31842pt.
Package babel Info: Redefining spanish shorthand <<
(babel)             in language  on input line 67.
Package babel Info: Redefining spanish shorthand >>
(babel)             in language  on input line 67.
Package babel Info: Redefining spanish shorthand "=
(babel)             in language  on input line 67.
Package babel Info: Redefining spanish shorthand "~
(babel)             in language  on input line 67.
Package babel Info: Redefining spanish shorthand "!
(babel)             in language  on input line 67.
Package babel Info: Redefining spanish shorthand "?
(babel)             in language  on input line 67.
Package babel Info: Redefining spanish shorthand <<
(babel)             in language  on input line 67.
Package babel Info: Redefining spanish shorthand >>
(babel)             in language  on input line 67.
Package babel Info: Redefining spanish shorthand "=
(babel)             in language  on input line 67.
Package babel Info: Redefining spanish shorthand "~
(babel)             in language  on input line 67.
Package babel Info: Redefining spanish shorthand "!
(babel)             in language  on input line 67.
Package babel Info: Redefining spanish shorthand "?
(babel)             in language  on input line 67.
 [1

{/var/lib/texmf/fonts/map/pdftex/updmap/pdftex.map} <./ugr.png> <./etsiit.png>]
)
(./titulo.toc
LaTeX Info: Redefining \. on input line 1.
LaTeX Info: Redefining \% on input line 1.
)
\tf@toc=\write4
\openout4 = `titulo.toc'.

 (./privativos.tex
Package babel Info: Redefining spanish shorthand <<
(babel)             in language  on input line 1.
Package babel Info: Redefining spanish shorthand >>
(babel)             in language  on input line 1.
Package babel Info: Redefining spanish shorthand "=
(babel)             in language  on input line 1.
Package babel Info: Redefining spanish shorthand "~
(babel)             in language  on input line 1.
Package babel Info: Redefining spanish shorthand "!
(babel)             in language  on input line 1.
Package babel Info: Redefining spanish shorthand "?
(babel)             in language  on input line 1.
Package babel Info: Redefining spanish shorthand <<
(babel)             in language  on input line 1.
Package babel Info: Redefining spanish shorthand >>
(babel)             in language  on input line 1.
Package babel Info: Redefining spanish shorthand "=
(babel)             in language  on input line 1.
Package babel Info: Redefining spanish shorthand "~
(babel)             in language  on input line 1.
Package babel Info: Redefining spanish shorthand "!
(babel)             in language  on input line 1.
Package babel Info: Redefining spanish shorthand "?
(babel)             in language  on input line 1.
pdfTeX warning (ext4): destination with the same identifier (name{page.1}) has 
been already used, duplicate ignored
<to be read again> 
                   \relax 
l.1 \chapter
            {Descripción de otros sistemas software similares} [1

]
Cap\'{\i }tulo 1.
Package babel Info: Redefining spanish shorthand <<
(babel)             in language  on input line 1.
Package babel Info: Redefining spanish shorthand >>
(babel)             in language  on input line 1.
Package babel Info: Redefining spanish shorthand "=
(babel)             in language  on input line 1.
Package babel Info: Redefining spanish shorthand "~
(babel)             in language  on input line 1.
Package babel Info: Redefining spanish shorthand "!
(babel)             in language  on input line 1.
Package babel Info: Redefining spanish shorthand "?
(babel)             in language  on input line 1.
Package babel Info: Redefining spanish shorthand <<
(babel)             in language  on input line 3.
Package babel Info: Redefining spanish shorthand >>
(babel)             in language  on input line 3.
Package babel Info: Redefining spanish shorthand "=
(babel)             in language  on input line 3.
Package babel Info: Redefining spanish shorthand "~
(babel)             in language  on input line 3.
Package babel Info: Redefining spanish shorthand "!
(babel)             in language  on input line 3.
Package babel Info: Redefining spanish shorthand "?
(babel)             in language  on input line 3.
Package babel Info: Redefining spanish shorthand <<
(babel)             in language  on input line 13.
Package babel Info: Redefining spanish shorthand >>
(babel)             in language  on input line 13.
Package babel Info: Redefining spanish shorthand "=
(babel)             in language  on input line 13.
Package babel Info: Redefining spanish shorthand "~
(babel)             in language  on input line 13.
Package babel Info: Redefining spanish shorthand "!
(babel)             in language  on input line 13.
Package babel Info: Redefining spanish shorthand "?
(babel)             in language  on input line 13.
<1.png, id=78, 1445.4pt x 782.925pt>
File: 1.png Graphic file (type png)
 <use 1.png>
Package pdftex.def Info: 1.png used on input line 31.
(pdftex.def)             Requested size: 209.12683pt x 113.2763pt.

<2.png, id=79, 1445.4pt x 781.41937pt>
File: 2.png Graphic file (type png)
 <use 2.png>
Package pdftex.def Info: 2.png used on input line 31.
(pdftex.def)             Requested size: 209.12683pt x 113.05847pt.

<3.png, id=80, 1445.4pt x 781.41937pt>
File: 3.png Graphic file (type png)
 <use 3.png>
Package pdftex.def Info: 3.png used on input line 35.
(pdftex.def)             Requested size: 209.12683pt x 113.05847pt.

Overfull \hbox (47.42441pt too wide) in paragraph at lines 31--36
 [][] 
 []


LaTeX Warning: `!h' float specifier changed to `!ht'.

Package babel Info: Redefining spanish shorthand <<
(babel)             in language  on input line 41.
Package babel Info: Redefining spanish shorthand >>
(babel)             in language  on input line 41.
Package babel Info: Redefining spanish shorthand "=
(babel)             in language  on input line 41.
Package babel Info: Redefining spanish shorthand "~
(babel)             in language  on input line 41.
Package babel Info: Redefining spanish shorthand "!
(babel)             in language  on input line 41.
Package babel Info: Redefining spanish shorthand "?
(babel)             in language  on input line 41.
Package babel Info: Redefining spanish shorthand <<
(babel)             in language  on input line 41.
Package babel Info: Redefining spanish shorthand >>
(babel)             in language  on input line 41.
Package babel Info: Redefining spanish shorthand "=
(babel)             in language  on input line 41.
Package babel Info: Redefining spanish shorthand "~
(babel)             in language  on input line 41.
Package babel Info: Redefining spanish shorthand "!
(babel)             in language  on input line 41.
Package babel Info: Redefining spanish shorthand "?
(babel)             in language  on input line 41.
[2

]
Package babel Info: Redefining spanish shorthand <<
(babel)             in language  on input line 44.
Package babel Info: Redefining spanish shorthand >>
(babel)             in language  on input line 44.
Package babel Info: Redefining spanish shorthand "=
(babel)             in language  on input line 44.
Package babel Info: Redefining spanish shorthand "~
(babel)             in language  on input line 44.
Package babel Info: Redefining spanish shorthand "!
(babel)             in language  on input line 44.
Package babel Info: Redefining spanish shorthand "?
(babel)             in language  on input line 44.
Package babel Info: Redefining spanish shorthand <<
(babel)             in language  on input line 53.
Package babel Info: Redefining spanish shorthand >>
(babel)             in language  on input line 53.
Package babel Info: Redefining spanish shorthand "=
(babel)             in language  on input line 53.
Package babel Info: Redefining spanish shorthand "~
(babel)             in language  on input line 53.
Package babel Info: Redefining spanish shorthand "!
(babel)             in language  on input line 53.
Package babel Info: Redefining spanish shorthand "?
(babel)             in language  on input line 53.
Package babel Info: Redefining spanish shorthand <<
(babel)             in language  on input line 53.
Package babel Info: Redefining spanish shorthand >>
(babel)             in language  on input line 53.
Package babel Info: Redefining spanish shorthand "=
(babel)             in language  on input line 53.
Package babel Info: Redefining spanish shorthand "~
(babel)             in language  on input line 53.
Package babel Info: Redefining spanish shorthand "!
(babel)             in language  on input line 53.
Package babel Info: Redefining spanish shorthand "?
(babel)             in language  on input line 53.
 [3 <./1.png (PNG copy)> <./2.png (PNG copy)> <./3.png (PNG copy)>])
(./libres.tex
Package babel Info: Redefining spanish shorthand <<
(babel)             in language  on input line 1.
Package babel Info: Redefining spanish shorthand >>
(babel)             in language  on input line 1.
Package babel Info: Redefining spanish shorthand "=
(babel)             in language  on input line 1.
Package babel Info: Redefining spanish shorthand "~
(babel)             in language  on input line 1.
Package babel Info: Redefining spanish shorthand "!
(babel)             in language  on input line 1.
Package babel Info: Redefining spanish shorthand "?
(babel)             in language  on input line 1.
Package babel Info: Redefining spanish shorthand <<
(babel)             in language  on input line 1.
Package babel Info: Redefining spanish shorthand >>
(babel)             in language  on input line 1.
Package babel Info: Redefining spanish shorthand "=
(babel)             in language  on input line 1.
Package babel Info: Redefining spanish shorthand "~
(babel)             in language  on input line 1.
Package babel Info: Redefining spanish shorthand "!
(babel)             in language  on input line 1.
Package babel Info: Redefining spanish shorthand "?
(babel)             in language  on input line 1.
 [4]
Cap\'{\i }tulo 2.
Package babel Info: Redefining spanish shorthand <<
(babel)             in language  on input line 1.
Package babel Info: Redefining spanish shorthand >>
(babel)             in language  on input line 1.
Package babel Info: Redefining spanish shorthand "=
(babel)             in language  on input line 1.
Package babel Info: Redefining spanish shorthand "~
(babel)             in language  on input line 1.
Package babel Info: Redefining spanish shorthand "!
(babel)             in language  on input line 1.
Package babel Info: Redefining spanish shorthand "?
(babel)             in language  on input line 1.
Package babel Info: Redefining spanish shorthand <<
(babel)             in language  on input line 5.
Package babel Info: Redefining spanish shorthand >>
(babel)             in language  on input line 5.
Package babel Info: Redefining spanish shorthand "=
(babel)             in language  on input line 5.
Package babel Info: Redefining spanish shorthand "~
(babel)             in language  on input line 5.
Package babel Info: Redefining spanish shorthand "!
(babel)             in language  on input line 5.
Package babel Info: Redefining spanish shorthand "?
(babel)             in language  on input line 5.
<plan1.png, id=112, 749.80125pt x 441.90094pt>
File: plan1.png Graphic file (type png)
 <use plan1.png>
Package pdftex.def Info: plan1.png used on input line 13.
(pdftex.def)             Requested size: 292.77629pt x 172.5497pt.

<plan2.png, id=115, 718.18312pt x 493.845pt>
File: plan2.png Graphic file (type png)
 <use plan2.png>
Package pdftex.def Info: plan2.png used on input line 22.
(pdftex.def)             Requested size: 292.77629pt x 201.32483pt.
Package babel Info: Redefining spanish shorthand <<
(babel)             in language  on input line 26.
Package babel Info: Redefining spanish shorthand >>
(babel)             in language  on input line 26.
Package babel Info: Redefining spanish shorthand "=
(babel)             in language  on input line 26.
Package babel Info: Redefining spanish shorthand "~
(babel)             in language  on input line 26.
Package babel Info: Redefining spanish shorthand "!
(babel)             in language  on input line 26.
Package babel Info: Redefining spanish shorthand "?
(babel)             in language  on input line 26.
Package babel Info: Redefining spanish shorthand <<
(babel)             in language  on input line 26.
Package babel Info: Redefining spanish shorthand >>
(babel)             in language  on input line 26.
Package babel Info: Redefining spanish shorthand "=
(babel)             in language  on input line 26.
Package babel Info: Redefining spanish shorthand "~
(babel)             in language  on input line 26.
Package babel Info: Redefining spanish shorthand "!
(babel)             in language  on input line 26.
Package babel Info: Redefining spanish shorthand "?
(babel)             in language  on input line 26.
 [5

 <./plan1.png>]
<plan3.png, id=127, 636.87938pt x 262.73157pt>
File: plan3.png Graphic file (type png)
 <use plan3.png>
Package pdftex.def Info: plan3.png used on input line 45.
(pdftex.def)             Requested size: 209.12683pt x 86.2687pt.

<plan4.png, id=128, 636.87938pt x 262.73157pt>
File: plan4.png Graphic file (type png)
 <use plan4.png>
Package pdftex.def Info: plan4.png used on input line 45.
(pdftex.def)             Requested size: 209.12683pt x 86.2687pt.

Overfull \hbox (36.47441pt too wide) in paragraph at lines 45--46
 [][] 
 []

Package babel Info: Redefining spanish shorthand <<
(babel)             in language  on input line 61.
Package babel Info: Redefining spanish shorthand >>
(babel)             in language  on input line 61.
Package babel Info: Redefining spanish shorthand "=
(babel)             in language  on input line 61.
Package babel Info: Redefining spanish shorthand "~
(babel)             in language  on input line 61.
Package babel Info: Redefining spanish shorthand "!
(babel)             in language  on input line 61.
Package babel Info: Redefining spanish shorthand "?
(babel)             in language  on input line 61.
Package babel Info: Redefining spanish shorthand <<
(babel)             in language  on input line 64.
Package babel Info: Redefining spanish shorthand >>
(babel)             in language  on input line 64.
Package babel Info: Redefining spanish shorthand "=
(babel)             in language  on input line 64.
Package babel Info: Redefining spanish shorthand "~
(babel)             in language  on input line 64.
Package babel Info: Redefining spanish shorthand "!
(babel)             in language  on input line 64.
Package babel Info: Redefining spanish shorthand "?
(babel)             in language  on input line 64.
Package babel Info: Redefining spanish shorthand <<
(babel)             in language  on input line 64.
Package babel Info: Redefining spanish shorthand >>
(babel)             in language  on input line 64.
Package babel Info: Redefining spanish shorthand "=
(babel)             in language  on input line 64.
Package babel Info: Redefining spanish shorthand "~
(babel)             in language  on input line 64.
Package babel Info: Redefining spanish shorthand "!
(babel)             in language  on input line 64.
Package babel Info: Redefining spanish shorthand "?
(babel)             in language  on input line 64.
[6 <./plan2.png (PNG copy)> <./plan3.png (PNG copy)> <./plan4.png (PNG copy)>]

LaTeX Warning: The counter will not be printed.
             The label is: $\bullet $ on input line 67.

<ttgen1.png, id=148, 716.6775pt x 529.22719pt>
File: ttgen1.png Graphic file (type png)
 <use ttgen1.png>
Package pdftex.def Info: ttgen1.png used on input line 79.
(pdftex.def)             Requested size: 292.77629pt x 216.20123pt.
Package babel Info: Redefining spanish shorthand <<
(babel)             in language  on input line 87.
Package babel Info: Redefining spanish shorthand >>
(babel)             in language  on input line 87.
Package babel Info: Redefining spanish shorthand "=
(babel)             in language  on input line 87.
Package babel Info: Redefining spanish shorthand "~
(babel)             in language  on input line 87.
Package babel Info: Redefining spanish shorthand "!
(babel)             in language  on input line 87.
Package babel Info: Redefining spanish shorthand "?
(babel)             in language  on input line 87.
Package babel Info: Redefining spanish shorthand <<
(babel)             in language  on input line 87.
Package babel Info: Redefining spanish shorthand >>
(babel)             in language  on input line 87.
Package babel Info: Redefining spanish shorthand "=
(babel)             in language  on input line 87.
Package babel Info: Redefining spanish shorthand "~
(babel)             in language  on input line 87.
Package babel Info: Redefining spanish shorthand "!
(babel)             in language  on input line 87.
Package babel Info: Redefining spanish shorthand "?
(babel)             in language  on input line 87.
 [7 <./ttgen1.png (PNG copy)>]
Package babel Info: Redefining spanish shorthand <<
(babel)             in language  on input line 88.
Package babel Info: Redefining spanish shorthand >>
(babel)             in language  on input line 88.
Package babel Info: Redefining spanish shorthand "=
(babel)             in language  on input line 88.
Package babel Info: Redefining spanish shorthand "~
(babel)             in language  on input line 88.
Package babel Info: Redefining spanish shorthand "!
(babel)             in language  on input line 88.
Package babel Info: Redefining spanish shorthand "?
(babel)             in language  on input line 88.

Overfull \hbox (52.50368pt too wide) in paragraph at lines 96--97
[]\OT1/iwonalm/m/n/10.95 Adem^^Sas de to-do es-to, el sis-te-ma ofre-ce una am-
plia do-cu-men-ta-ci^^Son en su p^^Sagi-na web [][]\OT1/iwonal/m/it/10.95 http:
//help.unitime.org/[][]\OT1/iwonalm/m/n/10.95 ,
 []

) (./descripcion.tex
Package babel Info: Redefining spanish shorthand <<
(babel)             in language  on input line 1.
Package babel Info: Redefining spanish shorthand >>
(babel)             in language  on input line 1.
Package babel Info: Redefining spanish shorthand "=
(babel)             in language  on input line 1.
Package babel Info: Redefining spanish shorthand "~
(babel)             in language  on input line 1.
Package babel Info: Redefining spanish shorthand "!
(babel)             in language  on input line 1.
Package babel Info: Redefining spanish shorthand "?
(babel)             in language  on input line 1.
Package babel Info: Redefining spanish shorthand <<
(babel)             in language  on input line 1.
Package babel Info: Redefining spanish shorthand >>
(babel)             in language  on input line 1.
Package babel Info: Redefining spanish shorthand "=
(babel)             in language  on input line 1.
Package babel Info: Redefining spanish shorthand "~
(babel)             in language  on input line 1.
Package babel Info: Redefining spanish shorthand "!
(babel)             in language  on input line 1.
Package babel Info: Redefining spanish shorthand "?
(babel)             in language  on input line 1.
 [8]
Cap\'{\i }tulo 3.
Package babel Info: Redefining spanish shorthand <<
(babel)             in language  on input line 1.
Package babel Info: Redefining spanish shorthand >>
(babel)             in language  on input line 1.
Package babel Info: Redefining spanish shorthand "=
(babel)             in language  on input line 1.
Package babel Info: Redefining spanish shorthand "~
(babel)             in language  on input line 1.
Package babel Info: Redefining spanish shorthand "!
(babel)             in language  on input line 1.
Package babel Info: Redefining spanish shorthand "?
(babel)             in language  on input line 1.
Package babel Info: Redefining spanish shorthand <<
(babel)             in language  on input line 3.
Package babel Info: Redefining spanish shorthand >>
(babel)             in language  on input line 3.
Package babel Info: Redefining spanish shorthand "=
(babel)             in language  on input line 3.
Package babel Info: Redefining spanish shorthand "~
(babel)             in language  on input line 3.
Package babel Info: Redefining spanish shorthand "!
(babel)             in language  on input line 3.
Package babel Info: Redefining spanish shorthand "?
(babel)             in language  on input line 3.
) (./titulo.bbl
Package babel Info: Redefining spanish shorthand <<
(babel)             in language  on input line 1.
Package babel Info: Redefining spanish shorthand >>
(babel)             in language  on input line 1.
Package babel Info: Redefining spanish shorthand "=
(babel)             in language  on input line 1.
Package babel Info: Redefining spanish shorthand "~
(babel)             in language  on input line 1.
Package babel Info: Redefining spanish shorthand "!
(babel)             in language  on input line 1.
Package babel Info: Redefining spanish shorthand "?
(babel)             in language  on input line 1.
Package babel Info: Redefining spanish shorthand <<
(babel)             in language  on input line 1.
Package babel Info: Redefining spanish shorthand >>
(babel)             in language  on input line 1.
Package babel Info: Redefining spanish shorthand "=
(babel)             in language  on input line 1.
Package babel Info: Redefining spanish shorthand "~
(babel)             in language  on input line 1.
Package babel Info: Redefining spanish shorthand "!
(babel)             in language  on input line 1.
Package babel Info: Redefining spanish shorthand "?
(babel)             in language  on input line 1.
 [9

]
Underfull \hbox (badness 1152) in paragraph at lines 9--13
[]\OT1/iwonal/m/sc/10.95 Lantiv\OT1/iwonalm/m/n/10.95 , \OT1/iwonal/m/it/10.95 
Get-ting star-ted\OT1/iwonalm/m/n/10.95 .  \OT1/iwonal/m/it/10.95 Dis-po-ni-ble
 en [][]$\OT1/cmtt/m/it/10.95 http : / / wiki . schedulingstudio . com /
 []

)
Package atveryend Info: Empty hook `BeforeClearDocument' on input line 64.
Package babel Info: Redefining spanish shorthand <<
(babel)             in language  on input line 64.
Package babel Info: Redefining spanish shorthand >>
(babel)             in language  on input line 64.
Package babel Info: Redefining spanish shorthand "=
(babel)             in language  on input line 64.
Package babel Info: Redefining spanish shorthand "~
(babel)             in language  on input line 64.
Package babel Info: Redefining spanish shorthand "!
(babel)             in language  on input line 64.
Package babel Info: Redefining spanish shorthand "?
(babel)             in language  on input line 64.
Package babel Info: Redefining spanish shorthand <<
(babel)             in language  on input line 64.
Package babel Info: Redefining spanish shorthand >>
(babel)             in language  on input line 64.
Package babel Info: Redefining spanish shorthand "=
(babel)             in language  on input line 64.
Package babel Info: Redefining spanish shorthand "~
(babel)             in language  on input line 64.
Package babel Info: Redefining spanish shorthand "!
(babel)             in language  on input line 64.
Package babel Info: Redefining spanish shorthand "?
(babel)             in language  on input line 64.
 [10

]
Package atveryend Info: Empty hook `AfterLastShipout' on input line 64.
 (./titulo.aux
LaTeX Info: Redefining \. on input line 23.
LaTeX Info: Redefining \% on input line 23.
)
Package atveryend Info: Executing hook `AtVeryEndDocument' on input line 64.
Package atveryend Info: Executing hook `AtEndAfterFileList' on input line 64.
Package rerunfilecheck Info: File `titulo.out' has not changed.
(rerunfilecheck)             Checksum: 85F03843A41693648AC2BA49FA0ACEFA;646.
Package atveryend Info: Empty hook `AtVeryVeryEnd' on input line 64.
 ) 
Here is how much of TeX's memory you used:
 8773 strings out of 493013
 121923 string characters out of 6139317
 226834 words of memory out of 5000000
 12080 multiletter control sequences out of 15000+600000
 64287 words of font info for 54 fonts, out of 8000000 for 9000
 1141 hyphenation exceptions out of 8191
 34i,8n,32p,832b,451s stack positions out of 5000i,500n,10000p,200000b,80000s
{/usr/share/texmf-dist/fonts/enc/dvips/iwona/mi-iwona.enc}{/usr/share/texmf-d
ist/fonts/enc/dvips/iwona/sy-iwona.enc}{/usr/share/texmf-dist/fonts/enc/dvips/i
wona/rm-iwona.enc}{/usr/share/texmf-dist/fonts/enc/dvips/iwona/rm-iwona-sc.enc}
</usr/share/texmf-dist/fonts/type1/public/amsfonts/cm/cmitt10.pfb></usr/share/t
exmf-dist/fonts/type1/public/amsfonts/cm/cmtt10.pfb></usr/share/texmf-dist/font
s/type1/nowacki/iwona/iwonal.pfb></usr/share/texmf-dist/fonts/type1/nowacki/iwo
na/iwonali.pfb></usr/share/texmf-dist/fonts/type1/nowacki/iwona/iwonam.pfb></us
r/share/texmf-dist/fonts/type1/nowacki/iwona/iwonami.pfb>
Output written on titulo.pdf (11 pages, 875276 bytes).
PDF statistics:
 230 PDF objects out of 1000 (max. 8388607)
 197 compressed objects within 2 object streams
 51 named destinations out of 1000 (max. 500000)
 131 words of extra memory for PDF output out of 10000 (max. 10000000)

